  Processing .\ActiveXCPP3.idl
  ActiveXCPP3.idl
  Processing C:\Program Files (x86)\Windows Kits\10\Include\10.0.17763.0\um\oaidl.idl
  oaidl.idl
  Processing C:\Program Files (x86)\Windows Kits\10\Include\10.0.17763.0\um\objidl.idl
  objidl.idl
  Processing C:\Program Files (x86)\Windows Kits\10\Include\10.0.17763.0\um\unknwn.idl
  unknwn.idl
  Processing C:\Program Files (x86)\Windows Kits\10\Include\10.0.17763.0\shared\wtypes.idl
  wtypes.idl
  Processing C:\Program Files (x86)\Windows Kits\10\Include\10.0.17763.0\shared\wtypesbase.idl
  wtypesbase.idl
  Processing C:\Program Files (x86)\Windows Kits\10\Include\10.0.17763.0\shared\basetsd.h
  basetsd.h
  Processing C:\Program Files (x86)\Windows Kits\10\Include\10.0.17763.0\shared\guiddef.h
  guiddef.h
  Processing C:\Program Files (x86)\Windows Kits\10\Include\10.0.17763.0\um\oaidl.acf
  oaidl.acf
  stdafx.cpp
  ActiveXCPP3.cpp
  ActiveXCPP3Ctrl.cpp
  ActiveXCPP3PropPage.cpp
  Создание кода...
     Создается библиотека C:\Users\slavi\source\repos\ActiveXCPP3\Debug\ActiveXCPP3.lib и объект C:\Users\slavi\source\repos\ActiveXCPP3\Debug\ActiveXCPP3.exp
  ActiveXCPP3.vcxproj -> C:\Users\slavi\source\repos\ActiveXCPP3\Debug\ActiveXCPP3.ocx
